<?xml version="1.0" encoding="UTF-8"?>
<!-- Generated by org.testng.reporters.JUnitReportReporter -->
<testsuite hostname="Poojas-MacBook-Air.local" failures="0" tests="1" name="com.automationpractice.test.DressesTest" time="17.164" errors="0" timestamp="10 Apr 2018 13:09:53 GMT" skipped="0">
  <testcase classname="com.automationpractice.test.DressesTest" name="verify_DressesPage" time="17.164"/>
</testsuite> <!-- com.automationpractice.test.DressesTest -->
