<?xml version="1.0" encoding="UTF-8"?>
<!-- Generated by org.testng.reporters.JUnitReportReporter -->
<testsuite hostname="Poojas-MacBook-Air.local" failures="0" tests="1" name="com.automationpractice.test.TshirtTest" time="14.030" errors="0" timestamp="16 Apr 2018 17:14:30 GMT" skipped="0">
  <testcase classname="com.automationpractice.test.TshirtTest" name="verify_TshirtPage" time="14.030"/>
</testsuite> <!-- com.automationpractice.test.TshirtTest -->
