<?xml version="1.0" encoding="UTF-8"?>
<!-- Generated by org.testng.reporters.JUnitReportReporter -->
<testsuite hostname="Poojas-MacBook-Air.local" failures="0" tests="1" name="com.automationpractice.test.TshirtTest" time="16.504" errors="0" timestamp="10 Apr 2018 17:30:49 GMT" skipped="0">
  <testcase classname="com.automationpractice.test.TshirtTest" name="verify_TshirtPage" time="16.504"/>
</testsuite> <!-- com.automationpractice.test.TshirtTest -->
