<?xml version="1.0" encoding="UTF-8"?>
<!-- Generated by org.testng.reporters.JUnitReportReporter -->
<testsuite hostname="Poojas-MacBook-Air.local" failures="0" tests="1" name="com.automationpractice.test.A" time="0.009" errors="0" timestamp="10 Apr 2018 05:34:37 GMT" skipped="0">
  <testcase classname="com.automationpractice.test.A" name="test" time="0.009"/>
</testsuite> <!-- com.automationpractice.test.A -->
