<?xml version="1.0" encoding="UTF-8"?>
<!-- Generated by org.testng.reporters.JUnitReportReporter -->
<testsuite hostname="Poojas-MacBook-Air.local" failures="0" tests="1" name="com.automationpractice.test.WomenTests" time="22.639" errors="0" timestamp="18 Apr 2018 16:47:02 GMT" skipped="0">
  <testcase classname="com.automationpractice.test.WomenTests" name="verify_WomenPage" time="22.639"/>
</testsuite> <!-- com.automationpractice.test.WomenTests -->
