<?xml version="1.0" encoding="UTF-8"?>
<!-- Generated by org.testng.reporters.JUnitReportReporter -->
<testsuite hostname="Poojas-MacBook-Air.local" failures="0" tests="1" name="com.automationpractice.test.SearchTest" time="2.124" errors="0" timestamp="11 Apr 2018 01:48:13 GMT" skipped="0">
  <testcase classname="com.automationpractice.test.SearchTest" name="verify_SearchPage" time="2.124"/>
</testsuite> <!-- com.automationpractice.test.SearchTest -->
