<?xml version="1.0" encoding="UTF-8"?>
<!-- Generated by org.testng.reporters.JUnitReportReporter -->
<testsuite hostname="Poojas-MacBook-Air.local" failures="0" tests="1" name="com.automationpractice.test.HomeTests" time="0.020" errors="0" timestamp="18 Apr 2018 17:11:43 GMT" skipped="0">
  <testcase classname="com.automationpractice.test.HomeTests" name="validate_Page" time="0.020"/>
</testsuite> <!-- com.automationpractice.test.HomeTests -->
