<?xml version="1.0" encoding="UTF-8"?>
<!-- Generated by org.testng.reporters.JUnitReportReporter -->
<testsuite hostname="Poojas-MacBook-Air.local" failures="0" tests="3" name="com.automationpractice.test.dataproviderpractice" time="0.026" errors="0" timestamp="19 Apr 2018 18:32:51 GMT" skipped="0">
  <testcase classname="com.automationpractice.test.dataproviderpractice" name="testlogin" time="0.002"/>
  <testcase classname="com.automationpractice.test.dataproviderpractice" name="testlogin" time="0.022"/>
  <testcase classname="com.automationpractice.test.dataproviderpractice" name="testlogin" time="0.002"/>
</testsuite> <!-- com.automationpractice.test.dataproviderpractice -->
